Running Power Spectra Analysis
Analyzing V1 power spectra
Current working directory: /home/ap6603/Script_analysis
Attempting to load config from: /home/ap6603/Script_analysis/Results_3/config_69/config_69.yaml
Traceback (most recent call last):
  File "/home/ap6603/Script_analysis/Analysis/Power_spectra_analysis.py", line 146, in <module>
    main(args.config_file, args.area)
  File "/home/ap6603/Script_analysis/Analysis/Power_spectra_analysis.py", line 108, in main
    low_pass=config['noise_params']['low_pass'],
             ~~~~~~~~~~~~~~~~~~~~~~^^^^^^^^^^^^
KeyError: 'low_pass'
Analyzing V2 power spectra
Current working directory: /home/ap6603/Script_analysis
Attempting to load config from: /home/ap6603/Script_analysis/Results_3/config_69/config_69.yaml
Traceback (most recent call last):
  File "/home/ap6603/Script_analysis/Analysis/Power_spectra_analysis.py", line 146, in <module>
    main(args.config_file, args.area)
  File "/home/ap6603/Script_analysis/Analysis/Power_spectra_analysis.py", line 108, in main
    low_pass=config['noise_params']['low_pass'],
             ~~~~~~~~~~~~~~~~~~~~~~^^^^^^^^^^^^
KeyError: 'low_pass'
Plotting Power Spectra

=== Starting Power Spectra Analysis for V1 ===
Processing directory: /home/ap6603/Script_analysis/Results_3/config_69
Error: Power spectra data file not found: /home/ap6603/Script_analysis/Results_3/config_69/Data/power_spectra_fb_gain_v1.npy

=== Starting Power Spectra Analysis for V2 ===
Processing directory: /home/ap6603/Script_analysis/Results_3/config_69
Error: Power spectra data file not found: /home/ap6603/Script_analysis/Results_3/config_69/Data/power_spectra_fb_gain_v2.npy

=== Starting Power Spectra Analysis for V1 ===
Processing directory: /home/ap6603/Script_analysis/Results_3/config_69
Error: Power spectra data file not found at /home/ap6603/Script_analysis/Results_3/config_69/Data/power_spectra_fb_gain_v1.npy

=== Starting Power Spectra Analysis for V2 ===
Processing directory: /home/ap6603/Script_analysis/Results_3/config_69
Error: Power spectra data file not found at /home/ap6603/Script_analysis/Results_3/config_69/Data/power_spectra_fb_gain_v2.npy

=== Starting Power Spectra Analysis for V1 ===
Results directory: /home/ap6603/Script_analysis/Results_3/config_69
Data directory: /home/ap6603/Script_analysis/Results_3/config_69/Data
Error: Power spectra data file not found at /home/ap6603/Script_analysis/Results_3/config_69/Data/power_spectra_fb_gain_v1.npy

=== Starting Power Spectra Analysis for V2 ===
Results directory: /home/ap6603/Script_analysis/Results_3/config_69
Data directory: /home/ap6603/Script_analysis/Results_3/config_69/Data
Error: Power spectra data file not found at /home/ap6603/Script_analysis/Results_3/config_69/Data/power_spectra_fb_gain_v2.npy
