Base directory: /home/ap6603/Script_analysis
Config file path: /home/ap6603/Script_analysis/Results/config_166/config_166.yaml
Results directory: /home/ap6603/Script_analysis/Results/config_166
Config number: 166
Current directory: /home/ap6603/Script_analysis/Job_scripts/Outputs
Config file: /home/ap6603/Script_analysis/Results/config_166/config_166.yaml
Config number: 166
Current working directory: /home/ap6603/Script_analysis
Attempting to load config from: /home/ap6603/Script_analysis/Results/config_166/config_166.yaml
Contrast:   0%|          | 0/6 [00:00<?, ?it/s]
Gamma (c=0.032):   0%|          | 0/1 [00:00<?, ?it/s][A
                                                      [AContrast:   0%|          | 0/6 [00:09<?, ?it/s]
Traceback (most recent call last):
  File "/home/ap6603/Script_analysis/Power_spectra.py", line 121, in <module>
    main(config_file)  # Pass the config_file to main
    ^^^^^^^^^^^^^^^^^
  File "/home/ap6603/Script_analysis/Power_spectra.py", line 49, in main
    Power_data = Calculate_power_spectra(
                 ^^^^^^^^^^^^^^^^^^^^^^^^
  File "/home/ap6603/Script_analysis/Coherence.py", line 88, in Calculate_power_spectra
    L = create_L_matrix(updated_model, ss, delta_tau, noise, const_noise=const_noise, poisson=poisson,  get_simulated_taus=get_simulated_taus )
        ^^^^^^^^^^^^^^^^^^^^^^^^^^^^^^^^^^^^^^^^^^^^^^^^^^^^^^^^^^^^^^^^^^^^^^^^^^^^^^^^^^^^^^^^^^^^^^^^^^^^^^^^^^^^^^^^^^^^^^^^^^^^^^^^^^^^^^^
  File "/home/ap6603/Script_analysis/Coherence.py", line 113, in create_L_matrix
    _, y1Plus, _, y4Plus, u1, u1Plus, u4, u4Plus, p1, p1Plus, p4, p4Plus, s1, s1Plus, s4, s4Plus = [
    ^^^^^^^^^^^^^^^^^^^^^^^^^^^^^^^^^^^^^^^^^^^^^^^^^^^^^^^^^^^^^^^^^^^^^^^^^^^^^^^^^^^^^^^^^^^^
ValueError: too many values to unpack (expected 16)
Processing results from: /home/ap6603/Script_analysis/Results/config_166
Error: Power spectra data file not found at /home/ap6603/Script_analysis/Results/config_166/Data/power_spectra_fb_gain_all.npy
