Running Power Spectra Analysis
Plotting Power Spectra
/home/ap6603/Script_analysis/Plotting/Plot_PS_fixed_gamma_remove_background_noise.py:37: RuntimeWarning: invalid value encountered in log
  params, _ = curve_fit(lambda x, A, alpha: np.log(one_over_f(np.exp(x), A, alpha)),
/home/ap6603/Script_analysis/Plotting/Plot_PS_fixed_gamma_remove_background_noise.py:37: RuntimeWarning: invalid value encountered in log
  params, _ = curve_fit(lambda x, A, alpha: np.log(one_over_f(np.exp(x), A, alpha)),
/home/ap6603/Script_analysis/Plotting/Plot_PS_fixed_gamma_remove_background_noise.py:37: RuntimeWarning: invalid value encountered in log
  params, _ = curve_fit(lambda x, A, alpha: np.log(one_over_f(np.exp(x), A, alpha)),
/home/ap6603/Script_analysis/Plotting/Plot_PS_fixed_gamma_remove_background_noise.py:37: RuntimeWarning: invalid value encountered in log
  params, _ = curve_fit(lambda x, A, alpha: np.log(one_over_f(np.exp(x), A, alpha)),
/home/ap6603/Script_analysis/Plotting/Plot_PS_fixed_gamma_remove_background_noise.py:37: RuntimeWarning: invalid value encountered in log
  params, _ = curve_fit(lambda x, A, alpha: np.log(one_over_f(np.exp(x), A, alpha)),

=== Starting Power Spectra Analysis for V1 ===
Processing directory: /home/ap6603/Script_analysis/Results_3/config_69
Loading input gain beta1 data from: /home/ap6603/Script_analysis/Results_3/config_69/Data/power_spectra_input_gain_beta1_v1.npy

Beta1 values found in data: [0.5, 0.75, 1.0, 1.25, 1.5]
Contrast values found in data: [1.0]

Processing beta1 = 0.5

Plotting power spectra for gamma=0.5
Saved plot to: /home/ap6603/Script_analysis/Results_3/config_69/Plots/Power_Spectra/power_spectrum_V1_beta1_0.5_input_gain_beta1_v1.pdf

Processing beta1 = 0.75

Plotting power spectra for gamma=0.75
Saved plot to: /home/ap6603/Script_analysis/Results_3/config_69/Plots/Power_Spectra/power_spectrum_V1_beta1_0.75_input_gain_beta1_v1.pdf

Processing beta1 = 1.0

Plotting power spectra for gamma=1.0
Saved plot to: /home/ap6603/Script_analysis/Results_3/config_69/Plots/Power_Spectra/power_spectrum_V1_beta1_1.0_input_gain_beta1_v1.pdf

Processing beta1 = 1.25

Plotting power spectra for gamma=1.25
Saved plot to: /home/ap6603/Script_analysis/Results_3/config_69/Plots/Power_Spectra/power_spectrum_V1_beta1_1.25_input_gain_beta1_v1.pdf

Processing beta1 = 1.5

Plotting power spectra for gamma=1.5
Saved plot to: /home/ap6603/Script_analysis/Results_3/config_69/Plots/Power_Spectra/power_spectrum_V1_beta1_1.5_input_gain_beta1_v1.pdf

=== Starting Power Spectra Analysis for V2 ===
Processing directory: /home/ap6603/Script_analysis/Results_3/config_69
