/opt/slurm/data/slurmd/job57238557/slurm_script: line 29: warning: here-document at line 18 delimited by end-of-file (wanted `EOF')
Running Coherence Analysis
Current working directory: /home/ap6603/Script_analysis
Attempting to load config from: /home/ap6603/Script_analysis/Results_3/config_69/config_69.yaml
Traceback (most recent call last):
  File "/home/ap6603/Script_analysis/Analysis/Coherence_analysis.py", line 131, in <module>
    main(config_file)
  File "/home/ap6603/Script_analysis/Analysis/Coherence_analysis.py", line 82, in main
    coherence_data = Calculate_coherence(
                     ^^^^^^^^^^^^^^^^^^^^
TypeError: Calculate_coherence() got an unexpected keyword argument 'beta1_vals'
Plotting Coherence Analysis
Processing results from: /home/ap6603/Script_analysis/Results_3/config_69
Results directory: /home/ap6603/Script_analysis/Results_3/config_69
Data directory: /home/ap6603/Script_analysis/Results_3/config_69/Data
Warning: Coherence data file not found at /home/ap6603/Script_analysis/Results_3/config_69/Data/coherence_fb_gain_all.npy
Warning: Beta1 gain coherence data file not found at /home/ap6603/Script_analysis/Results_3/config_69/Data/coherence_input_gain_beta1_all.npy
Processing results from: /home/ap6603/Script_analysis/Results_3/config_69
Error: Coherence data file not found at /home/ap6603/Script_analysis/Results_3/config_69/Data/coherence_fb_gain_all.npy
/bin/bash: line 11: EOF: command not found
