Running Power Spectra Analysis
Plotting Power Spectra
/home/ap6603/Script_analysis/Plotting/Plot_PS_fixed_gamma_remove_background_noise.py:37: RuntimeWarning: invalid value encountered in log
  params, _ = curve_fit(lambda x, A, alpha: np.log(one_over_f(np.exp(x), A, alpha)),

=== Starting Power Spectra Analysis for V1 ===
Processing directory: /home/ap6603/Script_analysis/Results_3/config_69
Loading input gain beta1 data from: /home/ap6603/Script_analysis/Results_3/config_69/Data/power_spectra_input_gain_beta1_v1.npy

Beta1 values found in data: [1.0]
Contrast values found in data: [0.025, 0.037, 0.061, 0.097, 0.163, 0.359, 0.503, 0.72]

Processing beta1 = 1.0

Plotting power spectra for beta1=1.0
Saved plot to: /home/ap6603/Script_analysis/Results_3/config_69/Plots/Power_Spectra/power_spectrum_V1_input_gain_beta1_v1.pdf
/home/ap6603/Script_analysis/Plotting/Plot_PS_fixed_gamma_remove_background_noise.py:37: RuntimeWarning: invalid value encountered in log
  params, _ = curve_fit(lambda x, A, alpha: np.log(one_over_f(np.exp(x), A, alpha)),

=== Starting Power Spectra Analysis for V2 ===
Processing directory: /home/ap6603/Script_analysis/Results_3/config_69
Loading input gain beta1 data from: /home/ap6603/Script_analysis/Results_3/config_69/Data/power_spectra_input_gain_beta1_v2.npy

Beta1 values found in data: [1.0]
Contrast values found in data: [0.025, 0.037, 0.061, 0.097, 0.163, 0.359, 0.503, 0.72]

Processing beta1 = 1.0

Plotting power spectra for beta1=1.0
Saved plot to: /home/ap6603/Script_analysis/Results_3/config_69/Plots/Power_Spectra/power_spectrum_V2_input_gain_beta1_v2.pdf
